INFO    : Since no target was supplied, we will use "course".

INFO    : Building target course
INFO    : XSL conversion of /workspaces/Survey-of-Math/source/main.ptx by /home/codespace/.ptx/2.38.3/core/xsl/utilities/pretext-enhanced-source.xsl
INFO    : successful application of /home/codespace/.ptx/2.38.3/core/xsl/utilities/pretext-enhanced-source.xsl
INFO    : Generating any needed assets.
INFO    : downloading MyOpenMath static problems from /workspaces/Survey-of-Math/source/main.ptx for placement in /workspaces/Survey-of-Math/generated-assets/problems
INFO    : XSL conversion of /workspaces/Survey-of-Math/source/main.ptx by /home/codespace/.ptx/2.38.3/core/xsl/extract-mom.xsl
INFO    : successful application of /home/codespace/.ptx/2.38.3/core/xsl/extract-mom.xsl
INFO    : downloading MOM #1410996 to /workspaces/Survey-of-Math/generated-assets/problems/mom-1410996.xml...
INFO    : downloading MOM #1410999 to /workspaces/Survey-of-Math/generated-assets/problems/mom-1410999.xml...
INFO    : downloading MOM #1411004 to /workspaces/Survey-of-Math/generated-assets/problems/mom-1411004.xml...
INFO    : downloading MOM #1411007 to /workspaces/Survey-of-Math/generated-assets/problems/mom-1411007.xml...
INFO    : downloading MOM #1411010 to /workspaces/Survey-of-Math/generated-assets/problems/mom-1411010.xml...
INFO    : downloading MOM #1411014 to /workspaces/Survey-of-Math/generated-assets/problems/mom-1411014.xml...
INFO    : downloading MOM #1411035 to /workspaces/Survey-of-Math/generated-assets/problems/mom-1411035.xml...
INFO    : downloading MOM #1445055 to /workspaces/Survey-of-Math/generated-assets/problems/mom-1445055.xml...
INFO    : downloading MOM #1445054 to /workspaces/Survey-of-Math/generated-assets/problems/mom-1445054.xml...
INFO    : downloading MOM #1445059 to /workspaces/Survey-of-Math/generated-assets/problems/mom-1445059.xml...
INFO    : downloading MOM #1445060 to /workspaces/Survey-of-Math/generated-assets/problems/mom-1445060.xml...
INFO    : downloading MOM #1445078 to /workspaces/Survey-of-Math/generated-assets/problems/mom-1445078.xml...
INFO    : downloading MOM #1445079 to /workspaces/Survey-of-Math/generated-assets/problems/mom-1445079.xml...
INFO    : downloading MOM #1445082 to /workspaces/Survey-of-Math/generated-assets/problems/mom-1445082.xml...
INFO    : MyOpenMath static problem download complete
INFO    : Removing temporary directory /tmp/ptx-w90zyktv
INFO    : Finished generating assets.

INFO    : Preparing to build into /workspaces/Survey-of-Math/output/course.
INFO    : discovering source file's directory name: /workspaces/Survey-of-Math/source
INFO    : verifying and expanding input directory: /workspaces/Survey-of-Math/source/../generated-assets
INFO    : input directory expanded to absolute path: /workspaces/Survey-of-Math/generated-assets
INFO    : verifying and expanding input directory: /workspaces/Survey-of-Math/source/../assets
INFO    : input directory expanded to absolute path: /workspaces/Survey-of-Math/assets
INFO    : XSL conversion of /workspaces/Survey-of-Math/source/main.ptx by /home/codespace/.ptx/2.38.3/core/xsl/utilities/report-publisher-variables.xsl
INFO    : successful application of /home/codespace/.ptx/2.38.3/core/xsl/utilities/report-publisher-variables.xsl
INFO    : Downloading rs services file from https://runestone.academy/cdn/runestone/latest/webpack_static_imports.xml.
INFO    : Runestone Services via online CDN query: version 8.0.0
INFO    : Downloading Runestone Services, version 8.0.0
INFO    : Extracting Runestone Services from archive file
INFO    : Building custom css theme: theme-denver
INFO    : converting /workspaces/Survey-of-Math/source/main.ptx to HTML in /tmp/ptx-gmmqlnyr
INFO    : XSL conversion of /workspaces/Survey-of-Math/source/main.ptx by /home/codespace/.ptx/2.38.3/core/xsl/pretext-html.xsl
INFO    : messages from the log for XSL processing:
INFO    : * PTX:INFO:   checking all deprecated elements.
WARNING : * PTX:DEPRECATE: (2022-04-25) a "@label" attribute (on a "ul" or "ol" element) has been deprecated and should be replaced by the functionally equivalent "@marker".  We will attempt to honor your request (8 times)
INFO    : *              located within: "Probability of Performers" (title)
INFO    : *              located within: "Probability of Club Committee Selection" (title)
INFO    : *              located within: "Probability of Defective Transistors" (title)
INFO    : *              located within: "Probability of Marbles Without Replacement" (title)
INFO    : * --------------
WARNING : * PTX:WARNING:    An <xref> wants to build text using a number to identify the target, but the target (which has @xml:id "notes-Voting") does not have a number. You could try 'text="title"' or 'text="custom"' on the "xref".
INFO    : *              located within: "activity-01-intro-activity" (xml:id), "01. Activity Voting Methods" (title)
ERROR   : * PTX:ERROR:   a cross-reference ("xref") uses references [notes-Apportionment] that do not point to any target, or perhaps point to multiple targets.  Maybe you typed an @xml:id value wrong, maybe the target of the @xml:id is nonexistent, or maybe you temporarily removed the target from your source, or maybe an auxiliary file contains a duplicate.  Your output will contain some placeholder text that you will not want to distribute to your readers.
INFO    : *              located within: "activity-02-intro-activity" (xml:id), "02. Activity Apportionment Methods" (title)
INFO    : successful application of /home/codespace/.ptx/2.38.3/core/xsl/pretext-html.xsl
INFO    : Removing temporary directory /tmp/ptx-gmmqlnyr
INFO    : Removing temporary directory /tmp/ptx-afm4qovd
INFO    : 
Finished build for target course. Run `pretext view course` to see the results.

CRITICAL: There were errors during the build.  See above.
INFO    : ------------------------
CRITICAL: Failed to build without errors.  Exiting...
INFO    : 
----------------------------------------------------
INFO    : While running pretext, the following errors occurred:

INFO    : (see log messages above or in the 'logs' folder for more information)
INFO    : ----------------------------------------------------
