INFO    : Since no target was supplied, we will use "course".

INFO    : Building target course
INFO    : XSL conversion of /workspaces/Calculus_III/source/main.ptx by /home/codespace/.ptx/2.38.3/core/xsl/utilities/pretext-enhanced-source.xsl
INFO    : successful application of /home/codespace/.ptx/2.38.3/core/xsl/utilities/pretext-enhanced-source.xsl
INFO    : Generating any needed assets.
WARNING : Now generating latex images
INFO    : converting latex-image pictures from /workspaces/Calculus_III/source/main.ptx to svg graphics for placement in /workspaces/Calculus_III/generated-assets/latex-image
INFO    : extracting latex-image pictures from /workspaces/Calculus_III/source/main.ptx
INFO    : string parameters passed to extraction stylesheet: {'cli.version': '2.38', 'publisher': '/workspaces/Calculus_III/publication/publication.ptx'}
INFO    : discovering source file's directory name: /workspaces/Calculus_III/source
INFO    : verifying and expanding input directory: /workspaces/Calculus_III/source/../generated-assets
INFO    : input directory expanded to absolute path: /workspaces/Calculus_III/generated-assets
INFO    : verifying and expanding input directory: /workspaces/Calculus_III/source/../assets
INFO    : input directory expanded to absolute path: /workspaces/Calculus_III/assets
INFO    : XSL conversion of /workspaces/Calculus_III/source/main.ptx by /home/codespace/.ptx/2.38.3/core/xsl/extract-latex-image.xsl
INFO    : successful application of /home/codespace/.ptx/2.38.3/core/xsl/extract-latex-image.xsl
INFO    : converting img-paraboloid-cone-3d.tex to img-paraboloid-cone-3d.pdf
ERROR   : LaTeX compilation of img-paraboloid-cone-3d.tex failed.
Re-run, requesting "source" as the format, to analyze the image.
Likely creating the entire document as PDF will fail similarly.
The transcript of the LaTeX run follows.
WARNING : LaTeX compilation of img-paraboloid-cone-3d.tex failed
INFO    : converting img-cylinder-wedge-3d.tex to img-cylinder-wedge-3d.pdf
ERROR   : LaTeX compilation of img-cylinder-wedge-3d.tex failed.
Re-run, requesting "source" as the format, to analyze the image.
Likely creating the entire document as PDF will fail similarly.
The transcript of the LaTeX run follows.
WARNING : LaTeX compilation of img-cylinder-wedge-3d.tex failed
INFO    : converting img-slanted-cylinder-wedge-3d.tex to img-slanted-cylinder-wedge-3d.pdf
ERROR   : LaTeX compilation of img-slanted-cylinder-wedge-3d.tex failed.
Re-run, requesting "source" as the format, to analyze the image.
Likely creating the entire document as PDF will fail similarly.
The transcript of the LaTeX run follows.
WARNING : LaTeX compilation of img-slanted-cylinder-wedge-3d.tex failed
ERROR   : Unable to generate some latex-image assets:
 LaTeX compilation failed for 3 "latex-image"(s).
Review the log for error messages, and LaTeX transcripts.
Images are:
  img-paraboloid-cone-3d.tex
  img-cylinder-wedge-3d.tex
  img-slanted-cylinder-wedge-3d.tex
INFO    : Removing temporary directory /tmp/ptx-9yilvbfr
INFO    : Finished generating assets.

INFO    : Preparing to build into /workspaces/Calculus_III/output/course.
INFO    : XSL conversion of /workspaces/Calculus_III/source/main.ptx by /home/codespace/.ptx/2.38.3/core/xsl/utilities/report-publisher-variables.xsl
INFO    : successful application of /home/codespace/.ptx/2.38.3/core/xsl/utilities/report-publisher-variables.xsl
INFO    : Downloading rs services file from https://runestone.academy/cdn/runestone/latest/webpack_static_imports.xml.
INFO    : Runestone Services via online CDN query: version 8.1.11
INFO    : Downloading Runestone Services, version 8.1.11
INFO    : Extracting Runestone Services from archive file
INFO    : Building custom css theme: theme-denver
INFO    : converting /workspaces/Calculus_III/source/main.ptx to HTML in /tmp/ptx-vbapxltj
INFO    : XSL conversion of /workspaces/Calculus_III/source/main.ptx by /home/codespace/.ptx/2.38.3/core/xsl/pretext-html.xsl
INFO    : messages from the log for XSL processing:
WARNING : * PTX:WARNING: In a section containing subsections, any content that is not inside a subsection needs to be inside an <introduction> and/or  <conclusion>.
INFO    : *              located within: "sec-dot-product" (xml:id), "1.3 The Dot Product" (title)
INFO    : *              located within: "sec-cross-product" (xml:id), "1.4 The Cross Product (The vector product)" (title)
INFO    : *              located within: "sec-lines-planes" (xml:id), "1.5 Lines and Planes" (title)
INFO    : *              located within: "sec-Vector-valued-functions" (xml:id), "2.1 Vector-valued Functions and space curves" (title)
INFO    : *              located within: "2.2 Derivatives of Vector Functions" (title)
INFO    : *              located within: "2.4 Arc Length and Curvature " (title)
INFO    : * PTX:INFO:   checking all deprecated elements.
WARNING : * PTX:DEPRECATE: (2022-04-25) a "@label" attribute (on a "ul" or "ol" element) has been deprecated and should be replaced by the functionally equivalent "@marker".  We will attempt to honor your request (9 times)
INFO    : *              located within: "def-riemann-double-integral" (xml:id)
INFO    : *              located within: "thm-fubini-stronger-form" (xml:id), "Fubini's Theorem (Stronger Form)" (title)
INFO    : *              located within: "ex-double-integral-double-check" (xml:id)
INFO    : *              located within: "ex-cartesian-to-polar-conversions" (xml:id)
INFO    : *              located within: "ex-triple-integrals-parts" (xml:id)
INFO    : *              located within: "ex-tetrahedron-six-orders" (xml:id)
INFO    : * --------------
INFO    : successful application of /home/codespace/.ptx/2.38.3/core/xsl/pretext-html.xsl
INFO    : Removing temporary directory /tmp/ptx-vbapxltj
INFO    : Removing temporary directory /tmp/ptx-n5k8l0h8
INFO    : 
Finished build for target course. Run `pretext view course` to see the results.

CRITICAL: There were errors during the build.  See above.
INFO    : ------------------------
CRITICAL: Failed to build without errors.  Exiting...
INFO    : 
----------------------------------------------------
INFO    : While running pretext, the following errors occurred:

INFO    : (see log messages above or in the 'logs' folder for more information)
INFO    : ----------------------------------------------------
