INFO    : Building target print
INFO    : XSL conversion of /workspaces/Calculus_III/source/main.ptx by /home/codespace/.ptx/2.38.3/core/xsl/utilities/pretext-enhanced-source.xsl
INFO    : successful application of /home/codespace/.ptx/2.38.3/core/xsl/utilities/pretext-enhanced-source.xsl
INFO    : Generating any needed assets.
INFO    : Finished generating assets.

INFO    : Preparing to build into /workspaces/Calculus_III/output/print.
INFO    : discovering source file's directory name: /workspaces/Calculus_III/source
INFO    : verifying and expanding input directory: /workspaces/Calculus_III/source/../generated-assets
INFO    : input directory expanded to absolute path: /workspaces/Calculus_III/generated-assets
INFO    : verifying and expanding input directory: /workspaces/Calculus_III/source/../assets
INFO    : input directory expanded to absolute path: /workspaces/Calculus_III/assets
INFO    : discovering source file's directory name: /workspaces/Calculus_III/source
INFO    : XSL conversion of /workspaces/Calculus_III/source/main.ptx by /home/codespace/.ptx/2.38.3/core/xsl/utilities/report-publisher-variables.xsl
INFO    : successful application of /home/codespace/.ptx/2.38.3/core/xsl/utilities/report-publisher-variables.xsl
INFO    : converting /workspaces/Calculus_III/source/main.ptx to LaTeX as /tmp/ptx-5c0lzs_s/main.tex
INFO    : XSL conversion of /workspaces/Calculus_III/source/main.ptx by /home/codespace/.ptx/2.38.3/core/xsl/pretext-latex.xsl
INFO    : messages from the log for XSL processing:
INFO    : * PTX:INFO:   checking all deprecated elements.
INFO    : successful application of /home/codespace/.ptx/2.38.3/core/xsl/pretext-latex.xsl
INFO    : XSL conversion of /workspaces/Calculus_III/source/main.ptx by /home/codespace/.ptx/2.38.3/core/xsl/utilities/report-publisher-variables.xsl
INFO    : successful application of /home/codespace/.ptx/2.38.3/core/xsl/utilities/report-publisher-variables.xsl
INFO    : Rerunning LaTeX for main.tex (pass 2)
INFO    : Removing temporary directory /tmp/ptx-5c0lzs_s
INFO    : Removing temporary directory /tmp/ptx-koyk2e_d
INFO    : Removing temporary directory /tmp/ptx-88bv1s9h
INFO    : 
Finished build for target print. The output is in /workspaces/Calculus_III/output/print.

INFO    : 
Success!  Built requested target(s) without errors.

INFO    : 
