INFO    : Building target course
INFO    : XSL conversion of /workspaces/Survey-of-Math/source/main.ptx by /home/codespace/.ptx/2.38.3/core/xsl/utilities/pretext-enhanced-source.xsl
INFO    : successful application of /home/codespace/.ptx/2.38.3/core/xsl/utilities/pretext-enhanced-source.xsl
INFO    : Generating any needed assets.
WARNING : Now generating latex images
INFO    : converting latex-image pictures from /workspaces/Survey-of-Math/source/main.ptx to svg graphics for placement in /workspaces/Survey-of-Math/generated-assets/latex-image
INFO    : extracting latex-image pictures from /workspaces/Survey-of-Math/source/main.ptx
INFO    : string parameters passed to extraction stylesheet: {'cli.version': '2.38', 'publisher': '/workspaces/Survey-of-Math/publication/publication.ptx'}
INFO    : discovering source file's directory name: /workspaces/Survey-of-Math/source
INFO    : verifying and expanding input directory: /workspaces/Survey-of-Math/source/../generated-assets
INFO    : input directory expanded to absolute path: /workspaces/Survey-of-Math/generated-assets
INFO    : verifying and expanding input directory: /workspaces/Survey-of-Math/source/../assets
INFO    : input directory expanded to absolute path: /workspaces/Survey-of-Math/assets
INFO    : XSL conversion of /workspaces/Survey-of-Math/source/main.ptx by /home/codespace/.ptx/2.38.3/core/xsl/extract-latex-image.xsl
INFO    : successful application of /home/codespace/.ptx/2.38.3/core/xsl/extract-latex-image.xsl
INFO    : converting img-cafeteria-fruit.tex to img-cafeteria-fruit.pdf
INFO    : cropping img-cafeteria-fruit.pdf to cropped-img-cafeteria-fruit.pdf
INFO    : renaming cropped-img-cafeteria-fruit.pdf to img-cafeteria-fruit.pdf
INFO    : converting img-cafeteria-fruit.pdf to img-cafeteria-fruit.svg
INFO    : converting img-ice-cream-pie.tex to img-ice-cream-pie.pdf
INFO    : cropping img-ice-cream-pie.pdf to cropped-img-ice-cream-pie.pdf
INFO    : renaming cropped-img-ice-cream-pie.pdf to img-ice-cream-pie.pdf
INFO    : converting img-ice-cream-pie.pdf to img-ice-cream-pie.svg
INFO    : converting img-tree-coin-die.tex to img-tree-coin-die.pdf
INFO    : cropping img-tree-coin-die.pdf to cropped-img-tree-coin-die.pdf
INFO    : renaming cropped-img-tree-coin-die.pdf to img-tree-coin-die.pdf
INFO    : converting img-tree-coin-die.pdf to img-tree-coin-die.svg
INFO    : converting img-stock-line-graph.tex to img-stock-line-graph.pdf
INFO    : cropping img-stock-line-graph.pdf to cropped-img-stock-line-graph.pdf
INFO    : renaming cropped-img-stock-line-graph.pdf to img-stock-line-graph.pdf
INFO    : converting img-stock-line-graph.pdf to img-stock-line-graph.svg
INFO    : converting img-scores-line-chart.tex to img-scores-line-chart.pdf
INFO    : cropping img-scores-line-chart.pdf to cropped-img-scores-line-chart.pdf
INFO    : renaming cropped-img-scores-line-chart.pdf to img-scores-line-chart.pdf
INFO    : converting img-scores-line-chart.pdf to img-scores-line-chart.svg
INFO    : converting img-car-color-bar-chart.tex to img-car-color-bar-chart.pdf
INFO    : cropping img-car-color-bar-chart.pdf to cropped-img-car-color-bar-chart.pdf
INFO    : renaming cropped-img-car-color-bar-chart.pdf to img-car-color-bar-chart.pdf
INFO    : converting img-car-color-bar-chart.pdf to img-car-color-bar-chart.svg
INFO    : converting img-bell-curve-half.tex to img-bell-curve-half.pdf
INFO    : cropping img-bell-curve-half.pdf to cropped-img-bell-curve-half.pdf
INFO    : renaming cropped-img-bell-curve-half.pdf to img-bell-curve-half.pdf
INFO    : converting img-bell-curve-half.pdf to img-bell-curve-half.svg
INFO    : converting img-bellcurve.tex to img-bellcurve.pdf
INFO    : cropping img-bellcurve.pdf to cropped-img-bellcurve.pdf
INFO    : renaming cropped-img-bellcurve.pdf to img-bellcurve.pdf
INFO    : converting img-bellcurve.pdf to img-bellcurve.svg
INFO    : converting img-car-color-line-chart.tex to img-car-color-line-chart.pdf
INFO    : cropping img-car-color-line-chart.pdf to cropped-img-car-color-line-chart.pdf
INFO    : renaming cropped-img-car-color-line-chart.pdf to img-car-color-line-chart.pdf
INFO    : converting img-car-color-line-chart.pdf to img-car-color-line-chart.svg
INFO    : converting img-car-color-pie-chart.tex to img-car-color-pie-chart.pdf
INFO    : cropping img-car-color-pie-chart.pdf to cropped-img-car-color-pie-chart.pdf
INFO    : renaming cropped-img-car-color-pie-chart.pdf to img-car-color-pie-chart.pdf
INFO    : converting img-car-color-pie-chart.pdf to img-car-color-pie-chart.svg
INFO    : converting img-nutrition-weight-chart-fixed.tex to img-nutrition-weight-chart-fixed.pdf
INFO    : cropping img-nutrition-weight-chart-fixed.pdf to cropped-img-nutrition-weight-chart-fixed.pdf
INFO    : renaming cropped-img-nutrition-weight-chart-fixed.pdf to img-nutrition-weight-chart-fixed.pdf
INFO    : converting img-nutrition-weight-chart-fixed.pdf to img-nutrition-weight-chart-fixed.svg
INFO    : converting fig-birth-tree-2.tex to fig-birth-tree-2.pdf
INFO    : cropping fig-birth-tree-2.pdf to cropped-fig-birth-tree-2.pdf
INFO    : renaming cropped-fig-birth-tree-2.pdf to fig-birth-tree-2.pdf
INFO    : converting fig-birth-tree-2.pdf to fig-birth-tree-2.svg
INFO    : converting img-empirical-rule.tex to img-empirical-rule.pdf
INFO    : cropping img-empirical-rule.pdf to cropped-img-empirical-rule.pdf
INFO    : renaming cropped-img-empirical-rule.pdf to img-empirical-rule.pdf
INFO    : converting img-empirical-rule.pdf to img-empirical-rule.svg
INFO    : converting fig-coin-toss-tree-clean-2.tex to fig-coin-toss-tree-clean-2.pdf
INFO    : cropping fig-coin-toss-tree-clean-2.pdf to cropped-fig-coin-toss-tree-clean-2.pdf
INFO    : renaming cropped-fig-coin-toss-tree-clean-2.pdf to fig-coin-toss-tree-clean-2.pdf
INFO    : converting fig-coin-toss-tree-clean-2.pdf to fig-coin-toss-tree-clean-2.svg
INFO    : converting img-patient-temp-line.tex to img-patient-temp-line.pdf
INFO    : cropping img-patient-temp-line.pdf to cropped-img-patient-temp-line.pdf
INFO    : renaming cropped-img-patient-temp-line.pdf to img-patient-temp-line.pdf
INFO    : converting img-patient-temp-line.pdf to img-patient-temp-line.svg
INFO    : converting img-workout-histogram.tex to img-workout-histogram.pdf
INFO    : cropping img-workout-histogram.pdf to cropped-img-workout-histogram.pdf
INFO    : renaming cropped-img-workout-histogram.pdf to img-workout-histogram.pdf
INFO    : converting img-workout-histogram.pdf to img-workout-histogram.svg
INFO    : converting img-car-color-touching-chart.tex to img-car-color-touching-chart.pdf
INFO    : cropping img-car-color-touching-chart.pdf to cropped-img-car-color-touching-chart.pdf
INFO    : renaming cropped-img-car-color-touching-chart.pdf to img-car-color-touching-chart.pdf
INFO    : converting img-car-color-touching-chart.pdf to img-car-color-touching-chart.svg
INFO    : converting img-scores-bar-chart.tex to img-scores-bar-chart.pdf
INFO    : cropping img-scores-bar-chart.pdf to cropped-img-scores-bar-chart.pdf
INFO    : renaming cropped-img-scores-bar-chart.pdf to img-scores-bar-chart.pdf
INFO    : converting img-scores-bar-chart.pdf to img-scores-bar-chart.svg
INFO    : converting img-kori-budget-chart.tex to img-kori-budget-chart.pdf
INFO    : cropping img-kori-budget-chart.pdf to cropped-img-kori-budget-chart.pdf
INFO    : renaming cropped-img-kori-budget-chart.pdf to img-kori-budget-chart.pdf
INFO    : converting img-kori-budget-chart.pdf to img-kori-budget-chart.svg
INFO    : converting img-score-histogram.tex to img-score-histogram.pdf
INFO    : cropping img-score-histogram.pdf to cropped-img-score-histogram.pdf
INFO    : renaming cropped-img-score-histogram.pdf to img-score-histogram.pdf
INFO    : converting img-score-histogram.pdf to img-score-histogram.svg
INFO    : converting img-budget-pie.tex to img-budget-pie.pdf
INFO    : cropping img-budget-pie.pdf to cropped-img-budget-pie.pdf
INFO    : renaming cropped-img-budget-pie.pdf to img-budget-pie.pdf
INFO    : converting img-budget-pie.pdf to img-budget-pie.svg
INFO    : converting img-women-height-tail.tex to img-women-height-tail.pdf
INFO    : cropping img-women-height-tail.pdf to cropped-img-women-height-tail.pdf
INFO    : renaming cropped-img-women-height-tail.pdf to img-women-height-tail.pdf
INFO    : converting img-women-height-tail.pdf to img-women-height-tail.svg
INFO    : converting img-scores-pie-chart.tex to img-scores-pie-chart.pdf
INFO    : cropping img-scores-pie-chart.pdf to cropped-img-scores-pie-chart.pdf
INFO    : renaming cropped-img-scores-pie-chart.pdf to img-scores-pie-chart.pdf
INFO    : converting img-scores-pie-chart.pdf to img-scores-pie-chart.svg
INFO    : converting img-norm-curve.tex to img-norm-curve.pdf
INFO    : cropping img-norm-curve.pdf to cropped-img-norm-curve.pdf
INFO    : renaming cropped-img-norm-curve.pdf to img-norm-curve.pdf
INFO    : converting img-norm-curve.pdf to img-norm-curve.svg
INFO    : converting img-bar-chart.tex to img-bar-chart.pdf
INFO    : cropping img-bar-chart.pdf to cropped-img-bar-chart.pdf
INFO    : renaming cropped-img-bar-chart.pdf to img-bar-chart.pdf
INFO    : converting img-bar-chart.pdf to img-bar-chart.svg
INFO    : converting img-scores-histogram-chart.tex to img-scores-histogram-chart.pdf
INFO    : cropping img-scores-histogram-chart.pdf to cropped-img-scores-histogram-chart.pdf
INFO    : renaming cropped-img-scores-histogram-chart.pdf to img-scores-histogram-chart.pdf
INFO    : converting img-scores-histogram-chart.pdf to img-scores-histogram-chart.svg
INFO    : Removing temporary directory /tmp/ptx-vh1mgzd6
INFO    : Finished generating assets.

INFO    : Preparing to build into /workspaces/Survey-of-Math/output/course.
INFO    : XSL conversion of /workspaces/Survey-of-Math/source/main.ptx by /home/codespace/.ptx/2.38.3/core/xsl/utilities/report-publisher-variables.xsl
INFO    : successful application of /home/codespace/.ptx/2.38.3/core/xsl/utilities/report-publisher-variables.xsl
INFO    : Downloading rs services file from https://runestone.academy/cdn/runestone/latest/webpack_static_imports.xml.
INFO    : Runestone Services via online CDN query: version 8.1.1
INFO    : Downloading Runestone Services, version 8.1.1
INFO    : Extracting Runestone Services from archive file
INFO    : Building custom css theme: theme-denver
INFO    : converting /workspaces/Survey-of-Math/source/main.ptx to HTML in /tmp/ptx-qc0iju9r
INFO    : XSL conversion of /workspaces/Survey-of-Math/source/main.ptx by /home/codespace/.ptx/2.38.3/core/xsl/pretext-html.xsl
INFO    : messages from the log for XSL processing:
WARNING : * PTX:WARNING: In a section containing subsections, any content that is not inside a subsection needs to be inside an <introduction> and/or  <conclusion>.
INFO    : *              located within: "sec-measures-of-center-spread" (xml:id), "Measures of Center and Spread" (title)
INFO    : * PTX:INFO:   checking all deprecated elements.
WARNING : * PTX:DEPRECATE: (2019-02-06) the "percent" element is no longer necessary, simply replace with a bare "%" character (7 times)
INFO    : *              located within: "exam-height-distribution" (xml:id), "Human Height Distribution" (title)
INFO    : *              located within: "exam-high-jump-distribution" (xml:id), "High School High Jumpers" (title)
INFO    : * --------------
WARNING : * PTX:DEPRECATE: (2022-04-25) a "@label" attribute (on a "ul" or "ol" element) has been deprecated and should be replaced by the functionally equivalent "@marker".  We will attempt to honor your request (10 times)
INFO    : *              located within: "Probability of Performers" (title)
INFO    : *              located within: "Probability of Club Committee Selection" (title)
INFO    : *              located within: "Probability of Defective Transistors" (title)
INFO    : *              located within: "Probability of Marbles Without Replacement" (title)
INFO    : *              located within: "activity-02-intro-activity" (xml:id), "02. Activity Apportionment Methods" (title)
WARNING : * PTX:WARNING:    An <xref> wants to build text using a number to identify the target, but the target (which has @xml:id "notes-Voting") does not have a number. You could try 'text="title"' or 'text="custom"' on the "xref".
INFO    : *              located within: "activity-01-intro-activity" (xml:id), "01. Activity Voting Methods" (title)
WARNING : * PTX:WARNING:    An <xref> wants to build text using a number to identify the target, but the target (which has @xml:id "section-apportionment") does not have a number. You could try 'text="title"' or 'text="custom"' on the "xref".
WARNING : * PTX:WARNING:    An <xref> wants to build text using a number to identify the target, but the target (which has @xml:id "notes-simple-interest") does not have a number. You could try 'text="title"' or 'text="custom"' on the "xref".
INFO    : *              located within: "activity-03-intro-activity" (xml:id), "03. Activity Simple Interest" (title)
WARNING : * PTX:WARNING:    An <xref> wants to build text using a number to identify the target, but the target (which has @xml:id "notes-compound-interest") does not have a number. You could try 'text="title"' or 'text="custom"' on the "xref".
INFO    : *              located within: "activity-04-intro-activity" (xml:id), "04. Activity Compound Interest" (title)
WARNING : * PTX:WARNING:    An <xref> wants to build text using a number to identify the target, but the target (which has @xml:id "notes-Annuities") does not have a number. You could try 'text="title"' or 'text="custom"' on the "xref".
INFO    : *              located within: "activity-05-intro-activity" (xml:id), "05. Activity Annuities" (title)
WARNING : * PTX:WARNING:    An <xref> wants to build text using a number to identify the target, but the target (which has @xml:id "notes-Mortgages") does not have a number. You could try 'text="title"' or 'text="custom"' on the "xref".
INFO    : *              located within: "activity-06-intro-activity" (xml:id), "06. Activity Loans" (title)
INFO    : *              located within: "activity-07-intro-activity" (xml:id), "07. Activity Mortgages" (title)
INFO    : successful application of /home/codespace/.ptx/2.38.3/core/xsl/pretext-html.xsl
INFO    : Removing temporary directory /tmp/ptx-qc0iju9r
INFO    : Removing temporary directory /tmp/ptx-2slon_xn
INFO    : 
Finished build for target course. Run `pretext view course` to see the results.

INFO    : 
Success!  Built requested target(s) without errors.

INFO    : 
