INFO    : Staging deployment according to strategy pelican_default
INFO    : Staging `course` at `/workspaces/Calculus_III/output/stage/course`.
INFO    : Staging generated site at `/workspaces/Calculus_III/output/stage`.
INFO    : XSL conversion of /workspaces/Calculus_III/source/main.ptx by /home/codespace/.ptx/2.38.3/core/xsl/utilities/pretext-enhanced-source.xsl
INFO    : successful application of /home/codespace/.ptx/2.38.3/core/xsl/utilities/pretext-enhanced-source.xsl
INFO    : Deployment is now staged at `/workspaces/Calculus_III/output/stage`.
INFO    : Preparing to deploy from active `main` git branch.

INFO    : Changes to project source since last commit detected.
INFO    : Committing these changes to local Git repository.

INFO    : Committing your latest build to the `gh-pages` branch.
INFO    : 
INFO    : Attempting to connect to remote repository at `https://github.com/hansunto/Calculus_III`...
INFO    : Latest build successfully pushed to GitHub!

INFO    : To enable GitHub Pages, visit
INFO    :     https://github.com/hansunto/Calculus_III/settings/pages
INFO    : selecting the `gh-pages` branch with the `/ (root)` folder.

INFO    : Visit
INFO    :     https://github.com/hansunto/Calculus_III/actions/
INFO    : to check on the status of your GitHub Pages deployment.

INFO    : Your built project will soon be available to the public at:
INFO    :     https://hansunto.github.io/Calculus_III/
