INFO    : Building target course
INFO    : XSL conversion of /workspaces/Calculus_III/source/main.ptx by /home/codespace/.ptx/2.38.3/core/xsl/utilities/pretext-enhanced-source.xsl
INFO    : successful application of /home/codespace/.ptx/2.38.3/core/xsl/utilities/pretext-enhanced-source.xsl
INFO    : Generating any needed assets.
WARNING : Now generating latex images
INFO    : converting latex-image pictures from /workspaces/Calculus_III/source/main.ptx to svg graphics for placement in /workspaces/Calculus_III/generated-assets/latex-image
INFO    : extracting latex-image pictures from /workspaces/Calculus_III/source/main.ptx
INFO    : string parameters passed to extraction stylesheet: {'cli.version': '2.38', 'publisher': '/workspaces/Calculus_III/publication/publication.ptx'}
INFO    : discovering source file's directory name: /workspaces/Calculus_III/source
INFO    : verifying and expanding input directory: /workspaces/Calculus_III/source/../generated-assets
INFO    : input directory expanded to absolute path: /workspaces/Calculus_III/generated-assets
INFO    : verifying and expanding input directory: /workspaces/Calculus_III/source/../assets
INFO    : input directory expanded to absolute path: /workspaces/Calculus_III/assets
INFO    : XSL conversion of /workspaces/Calculus_III/source/main.ptx by /home/codespace/.ptx/2.38.3/core/xsl/extract-latex-image.xsl
INFO    : messages from the log for XSL processing:
ERROR   : * PTX:ERROR: the @xml:id value "ws-page1" should be unique, but is authored multiple times.
INFO    : *            Results will be unpredictable, and likely incorrect.  Information on the locations follows:
INFO    : *              located within: "ws-page1" (xml:id)
ERROR   : * PTX:ERROR: the @xml:id value "ws-page2" should be unique, but is authored multiple times.
INFO    : *              located within: "ws-page2" (xml:id)
INFO    : successful application of /home/codespace/.ptx/2.38.3/core/xsl/extract-latex-image.xsl
INFO    : converting img-ws-p1-xz-circle.tex to img-ws-p1-xz-circle.pdf
INFO    : cropping img-ws-p1-xz-circle.pdf to cropped-img-ws-p1-xz-circle.pdf
INFO    : renaming cropped-img-ws-p1-xz-circle.pdf to img-ws-p1-xz-circle.pdf
INFO    : converting img-ws-p1-xz-circle.pdf to img-ws-p1-xz-circle.svg
INFO    : converting img-ws-p2-sphere-slice.tex to img-ws-p2-sphere-slice.pdf
INFO    : cropping img-ws-p2-sphere-slice.pdf to cropped-img-ws-p2-sphere-slice.pdf
INFO    : renaming cropped-img-ws-p2-sphere-slice.pdf to img-ws-p2-sphere-slice.pdf
INFO    : converting img-ws-p2-sphere-slice.pdf to img-ws-p2-sphere-slice.svg
INFO    : Removing temporary directory /tmp/ptx-0dzugusq
INFO    : Finished generating assets.

INFO    : Preparing to build into /workspaces/Calculus_III/output/course.
INFO    : XSL conversion of /workspaces/Calculus_III/source/main.ptx by /home/codespace/.ptx/2.38.3/core/xsl/utilities/report-publisher-variables.xsl
INFO    : successful application of /home/codespace/.ptx/2.38.3/core/xsl/utilities/report-publisher-variables.xsl
INFO    : Downloading rs services file from https://runestone.academy/cdn/runestone/latest/webpack_static_imports.xml.
INFO    : Runestone Services via online CDN query: version 8.1.11
INFO    : Downloading Runestone Services, version 8.1.11
INFO    : Extracting Runestone Services from archive file
INFO    : Building custom css theme: theme-denver
INFO    : converting /workspaces/Calculus_III/source/main.ptx to HTML in /tmp/ptx-bnrrjcx7
INFO    : XSL conversion of /workspaces/Calculus_III/source/main.ptx by /home/codespace/.ptx/2.38.3/core/xsl/pretext-html.xsl
ERROR   : * PTX:ERROR: the @xml:id value "ws-page1" should be unique, but is authored multiple times.
ERROR   : * PTX:ERROR: the @xml:id value "ws-page2" should be unique, but is authored multiple times.
WARNING : * PTX:WARNING: In a section containing subsections, any content that is not inside a subsection needs to be inside an <introduction> and/or  <conclusion>.
INFO    : *              located within: "sec-dot-product" (xml:id), "1.3 The Dot Product" (title)
INFO    : *              located within: "sec-cross-product" (xml:id), "1.4 The Cross Product (The vector product)" (title)
INFO    : *              located within: "sec-lines-planes" (xml:id), "1.5 Lines and Planes" (title)
INFO    : *              located within: "sec-Vector-valued-functions" (xml:id), "2.1 Vector-valued Functions and space curves" (title)
INFO    : *              located within: "2.2 Derivatives of Vector Functions" (title)
INFO    : *              located within: "2.4 Arc Length and Curvature " (title)
INFO    : * PTX:INFO:   checking all deprecated elements.
WARNING : * PTX:DEPRECATE: (2022-04-25) a "@label" attribute (on a "ul" or "ol" element) has been deprecated and should be replaced by the functionally equivalent "@marker".  We will attempt to honor your request (14 times)
INFO    : *              located within: "def-riemann-double-integral" (xml:id)
INFO    : *              located within: "thm-fubini-stronger-form" (xml:id), "Fubini's Theorem (Stronger Form)" (title)
INFO    : *              located within: "ex-double-integral-double-check" (xml:id)
INFO    : *              located within: "ex-cartesian-to-polar-conversions" (xml:id)
INFO    : *              located within: "ex-triple-integrals-parts" (xml:id)
INFO    : *              located within: "ex-tetrahedron-six-orders" (xml:id)
INFO    : *              located within: "asm-greens-theorem-area-formulas" (xml:id), "Area Formulas via Green's Theorem" (title)
INFO    : *              located within: "ex-ws-mi-p6" (xml:id)
INFO    : *              located within: "ex-ws-mi-p7" (xml:id)
INFO    : * --------------
ERROR   : * PTX:ERROR:   a cross-reference ("xref") uses references [thm-surface-area-parametric] that do not point to any target, or perhaps point to multiple targets.  Maybe you typed an @xml:id value wrong, maybe the target of the @xml:id is nonexistent, or maybe you temporarily removed the target from your source, or maybe an auxiliary file contains a duplicate.  Your output will contain some placeholder text that you will not want to distribute to your readers.
INFO    : *              located within: "ex-ws-vf-p3" (xml:id)
INFO    : successful application of /home/codespace/.ptx/2.38.3/core/xsl/pretext-html.xsl
INFO    : Removing temporary directory /tmp/ptx-bnrrjcx7
INFO    : Removing temporary directory /tmp/ptx-i44x0_no
INFO    : 
Finished build for target course. Run `pretext view course` to see the results.

CRITICAL: There were errors during the build.  See above.
INFO    : ------------------------
CRITICAL: Failed to build without errors.  Exiting...
INFO    : 
----------------------------------------------------
INFO    : While running pretext, the following errors occurred:

INFO    : (see log messages above or in the 'logs' folder for more information)
INFO    : ----------------------------------------------------
