INFO    : Building target course
INFO    : XSL conversion of /workspaces/Survey-of-Math/source/main.ptx by /home/codespace/.ptx/2.38.3/core/xsl/utilities/pretext-enhanced-source.xsl
INFO    : successful application of /home/codespace/.ptx/2.38.3/core/xsl/utilities/pretext-enhanced-source.xsl
INFO    : Generating any needed assets.
WARNING : Now generating latex images
INFO    : converting latex-image pictures from /workspaces/Survey-of-Math/source/main.ptx to svg graphics for placement in /workspaces/Survey-of-Math/generated-assets/latex-image
INFO    : extracting latex-image pictures from /workspaces/Survey-of-Math/source/main.ptx
INFO    : string parameters passed to extraction stylesheet: {'cli.version': '2.38', 'publisher': '/workspaces/Survey-of-Math/publication/publication.ptx'}
INFO    : discovering source file's directory name: /workspaces/Survey-of-Math/source
INFO    : verifying and expanding input directory: /workspaces/Survey-of-Math/source/../generated-assets
INFO    : input directory expanded to absolute path: /workspaces/Survey-of-Math/generated-assets
INFO    : verifying and expanding input directory: /workspaces/Survey-of-Math/source/../assets
INFO    : input directory expanded to absolute path: /workspaces/Survey-of-Math/assets
INFO    : XSL conversion of /workspaces/Survey-of-Math/source/main.ptx by /home/codespace/.ptx/2.38.3/core/xsl/extract-latex-image.xsl
INFO    : successful application of /home/codespace/.ptx/2.38.3/core/xsl/extract-latex-image.xsl
INFO    : converting img-ice-cream-pie.tex to img-ice-cream-pie.pdf
ERROR   : LaTeX compilation of img-ice-cream-pie.tex failed.
Re-run, requesting "source" as the format, to analyze the image.
Likely creating the entire document as PDF will fail similarly.
The transcript of the LaTeX run follows.
WARNING : LaTeX compilation of img-ice-cream-pie.tex failed
INFO    : converting img-bellcurve.tex to img-bellcurve.pdf
ERROR   : LaTeX compilation of img-bellcurve.tex failed.
Re-run, requesting "source" as the format, to analyze the image.
Likely creating the entire document as PDF will fail similarly.
The transcript of the LaTeX run follows.
WARNING : LaTeX compilation of img-bellcurve.tex failed
INFO    : converting img-nutrition-weight-chart-fixed.tex to img-nutrition-weight-chart-fixed.pdf
ERROR   : LaTeX compilation of img-nutrition-weight-chart-fixed.tex failed.
Re-run, requesting "source" as the format, to analyze the image.
Likely creating the entire document as PDF will fail similarly.
The transcript of the LaTeX run follows.
WARNING : LaTeX compilation of img-nutrition-weight-chart-fixed.tex failed
INFO    : converting img-patient-temp-line.tex to img-patient-temp-line.pdf
ERROR   : LaTeX compilation of img-patient-temp-line.tex failed.
Re-run, requesting "source" as the format, to analyze the image.
Likely creating the entire document as PDF will fail similarly.
The transcript of the LaTeX run follows.
WARNING : LaTeX compilation of img-patient-temp-line.tex failed
INFO    : converting img-scores-line-chart.tex to img-scores-line-chart.pdf
ERROR   : LaTeX compilation of img-scores-line-chart.tex failed.
Re-run, requesting "source" as the format, to analyze the image.
Likely creating the entire document as PDF will fail similarly.
The transcript of the LaTeX run follows.
WARNING : LaTeX compilation of img-scores-line-chart.tex failed
INFO    : converting img-kori-budget-chart.tex to img-kori-budget-chart.pdf
ERROR   : LaTeX compilation of img-kori-budget-chart.tex failed.
Re-run, requesting "source" as the format, to analyze the image.
Likely creating the entire document as PDF will fail similarly.
The transcript of the LaTeX run follows.
WARNING : LaTeX compilation of img-kori-budget-chart.tex failed
INFO    : converting img-bell-curve-half.tex to img-bell-curve-half.pdf
ERROR   : LaTeX compilation of img-bell-curve-half.tex failed.
Re-run, requesting "source" as the format, to analyze the image.
Likely creating the entire document as PDF will fail similarly.
The transcript of the LaTeX run follows.
WARNING : LaTeX compilation of img-bell-curve-half.tex failed
INFO    : converting img-car-color-line-chart.tex to img-car-color-line-chart.pdf
ERROR   : LaTeX compilation of img-car-color-line-chart.tex failed.
Re-run, requesting "source" as the format, to analyze the image.
Likely creating the entire document as PDF will fail similarly.
The transcript of the LaTeX run follows.
WARNING : LaTeX compilation of img-car-color-line-chart.tex failed
INFO    : converting img-stock-line-graph.tex to img-stock-line-graph.pdf
ERROR   : LaTeX compilation of img-stock-line-graph.tex failed.
Re-run, requesting "source" as the format, to analyze the image.
Likely creating the entire document as PDF will fail similarly.
The transcript of the LaTeX run follows.
WARNING : LaTeX compilation of img-stock-line-graph.tex failed
INFO    : converting img-budget-pie.tex to img-budget-pie.pdf
ERROR   : LaTeX compilation of img-budget-pie.tex failed.
Re-run, requesting "source" as the format, to analyze the image.
Likely creating the entire document as PDF will fail similarly.
The transcript of the LaTeX run follows.
WARNING : LaTeX compilation of img-budget-pie.tex failed
INFO    : converting fig-birth-tree-2.tex to fig-birth-tree-2.pdf
ERROR   : LaTeX compilation of fig-birth-tree-2.tex failed.
Re-run, requesting "source" as the format, to analyze the image.
Likely creating the entire document as PDF will fail similarly.
The transcript of the LaTeX run follows.
WARNING : LaTeX compilation of fig-birth-tree-2.tex failed
INFO    : converting img-car-color-touching-chart.tex to img-car-color-touching-chart.pdf
ERROR   : LaTeX compilation of img-car-color-touching-chart.tex failed.
Re-run, requesting "source" as the format, to analyze the image.
Likely creating the entire document as PDF will fail similarly.
The transcript of the LaTeX run follows.
WARNING : LaTeX compilation of img-car-color-touching-chart.tex failed
INFO    : converting img-cafeteria-fruit.tex to img-cafeteria-fruit.pdf
ERROR   : LaTeX compilation of img-cafeteria-fruit.tex failed.
Re-run, requesting "source" as the format, to analyze the image.
Likely creating the entire document as PDF will fail similarly.
The transcript of the LaTeX run follows.
WARNING : LaTeX compilation of img-cafeteria-fruit.tex failed
INFO    : converting img-empirical-rule.tex to img-empirical-rule.pdf
ERROR   : LaTeX compilation of img-empirical-rule.tex failed.
Re-run, requesting "source" as the format, to analyze the image.
Likely creating the entire document as PDF will fail similarly.
The transcript of the LaTeX run follows.
WARNING : LaTeX compilation of img-empirical-rule.tex failed
INFO    : converting img-women-height-tail.tex to img-women-height-tail.pdf
ERROR   : LaTeX compilation of img-women-height-tail.tex failed.
Re-run, requesting "source" as the format, to analyze the image.
Likely creating the entire document as PDF will fail similarly.
The transcript of the LaTeX run follows.
WARNING : LaTeX compilation of img-women-height-tail.tex failed
INFO    : converting img-scores-histogram-chart.tex to img-scores-histogram-chart.pdf
ERROR   : LaTeX compilation of img-scores-histogram-chart.tex failed.
Re-run, requesting "source" as the format, to analyze the image.
Likely creating the entire document as PDF will fail similarly.
The transcript of the LaTeX run follows.
WARNING : LaTeX compilation of img-scores-histogram-chart.tex failed
INFO    : converting img-scores-bar-chart.tex to img-scores-bar-chart.pdf
ERROR   : LaTeX compilation of img-scores-bar-chart.tex failed.
Re-run, requesting "source" as the format, to analyze the image.
Likely creating the entire document as PDF will fail similarly.
The transcript of the LaTeX run follows.
WARNING : LaTeX compilation of img-scores-bar-chart.tex failed
INFO    : converting img-workout-histogram.tex to img-workout-histogram.pdf
ERROR   : LaTeX compilation of img-workout-histogram.tex failed.
Re-run, requesting "source" as the format, to analyze the image.
Likely creating the entire document as PDF will fail similarly.
The transcript of the LaTeX run follows.
WARNING : LaTeX compilation of img-workout-histogram.tex failed
INFO    : converting img-tree-coin-die.tex to img-tree-coin-die.pdf
ERROR   : LaTeX compilation of img-tree-coin-die.tex failed.
Re-run, requesting "source" as the format, to analyze the image.
Likely creating the entire document as PDF will fail similarly.
The transcript of the LaTeX run follows.
WARNING : LaTeX compilation of img-tree-coin-die.tex failed
INFO    : converting img-bar-chart.tex to img-bar-chart.pdf
ERROR   : LaTeX compilation of img-bar-chart.tex failed.
Re-run, requesting "source" as the format, to analyze the image.
Likely creating the entire document as PDF will fail similarly.
The transcript of the LaTeX run follows.
WARNING : LaTeX compilation of img-bar-chart.tex failed
INFO    : converting img-scores-pie-chart.tex to img-scores-pie-chart.pdf
ERROR   : LaTeX compilation of img-scores-pie-chart.tex failed.
Re-run, requesting "source" as the format, to analyze the image.
Likely creating the entire document as PDF will fail similarly.
The transcript of the LaTeX run follows.
WARNING : LaTeX compilation of img-scores-pie-chart.tex failed
INFO    : converting img-score-histogram.tex to img-score-histogram.pdf
ERROR   : LaTeX compilation of img-score-histogram.tex failed.
Re-run, requesting "source" as the format, to analyze the image.
Likely creating the entire document as PDF will fail similarly.
The transcript of the LaTeX run follows.
WARNING : LaTeX compilation of img-score-histogram.tex failed
INFO    : converting img-car-color-pie-chart.tex to img-car-color-pie-chart.pdf
ERROR   : LaTeX compilation of img-car-color-pie-chart.tex failed.
Re-run, requesting "source" as the format, to analyze the image.
Likely creating the entire document as PDF will fail similarly.
The transcript of the LaTeX run follows.
WARNING : LaTeX compilation of img-car-color-pie-chart.tex failed
INFO    : converting fig-coin-toss-tree-clean-2.tex to fig-coin-toss-tree-clean-2.pdf
ERROR   : LaTeX compilation of fig-coin-toss-tree-clean-2.tex failed.
Re-run, requesting "source" as the format, to analyze the image.
Likely creating the entire document as PDF will fail similarly.
The transcript of the LaTeX run follows.
WARNING : LaTeX compilation of fig-coin-toss-tree-clean-2.tex failed
INFO    : converting img-car-color-bar-chart.tex to img-car-color-bar-chart.pdf
ERROR   : LaTeX compilation of img-car-color-bar-chart.tex failed.
Re-run, requesting "source" as the format, to analyze the image.
Likely creating the entire document as PDF will fail similarly.
The transcript of the LaTeX run follows.
WARNING : LaTeX compilation of img-car-color-bar-chart.tex failed
ERROR   : Unable to generate some latex-image assets:
 LaTeX compilation failed for 25 "latex-image"(s).
Review the log for error messages, and LaTeX transcripts.
Images are:
  img-ice-cream-pie.tex
  img-bellcurve.tex
  img-nutrition-weight-chart-fixed.tex
  img-patient-temp-line.tex
  img-scores-line-chart.tex
  img-kori-budget-chart.tex
  img-bell-curve-half.tex
  img-car-color-line-chart.tex
  img-stock-line-graph.tex
  img-budget-pie.tex
  fig-birth-tree-2.tex
  img-car-color-touching-chart.tex
  img-cafeteria-fruit.tex
  img-empirical-rule.tex
  img-women-height-tail.tex
  img-scores-histogram-chart.tex
  img-scores-bar-chart.tex
  img-workout-histogram.tex
  img-tree-coin-die.tex
  img-bar-chart.tex
  img-scores-pie-chart.tex
  img-score-histogram.tex
  img-car-color-pie-chart.tex
  fig-coin-toss-tree-clean-2.tex
  img-car-color-bar-chart.tex
INFO    : Removing temporary directory /tmp/ptx-1y_s9pfq
INFO    : Finished generating assets.

INFO    : Preparing to build into /workspaces/Survey-of-Math/output/course.
INFO    : XSL conversion of /workspaces/Survey-of-Math/source/main.ptx by /home/codespace/.ptx/2.38.3/core/xsl/utilities/report-publisher-variables.xsl
INFO    : successful application of /home/codespace/.ptx/2.38.3/core/xsl/utilities/report-publisher-variables.xsl
INFO    : Downloading rs services file from https://runestone.academy/cdn/runestone/latest/webpack_static_imports.xml.
INFO    : Runestone Services via online CDN query: version 8.1.1
INFO    : Downloading Runestone Services, version 8.1.1
INFO    : Extracting Runestone Services from archive file
INFO    : Building custom css theme: theme-denver
INFO    : converting /workspaces/Survey-of-Math/source/main.ptx to HTML in /tmp/ptx-txpb5n4q
INFO    : XSL conversion of /workspaces/Survey-of-Math/source/main.ptx by /home/codespace/.ptx/2.38.3/core/xsl/pretext-html.xsl
INFO    : messages from the log for XSL processing:
WARNING : * PTX:WARNING: In a section containing subsections, any content that is not inside a subsection needs to be inside an <introduction> and/or  <conclusion>.
INFO    : *              located within: "sec-measures-of-center-spread" (xml:id), "Measures of Center and Spread" (title)
INFO    : * PTX:INFO:   checking all deprecated elements.
WARNING : * PTX:DEPRECATE: (2019-02-06) the "percent" element is no longer necessary, simply replace with a bare "%" character (7 times)
INFO    : *              located within: "exam-height-distribution" (xml:id), "Human Height Distribution" (title)
INFO    : *              located within: "exam-high-jump-distribution" (xml:id), "High School High Jumpers" (title)
INFO    : * --------------
WARNING : * PTX:DEPRECATE: (2022-04-25) a "@label" attribute (on a "ul" or "ol" element) has been deprecated and should be replaced by the functionally equivalent "@marker".  We will attempt to honor your request (10 times)
INFO    : *              located within: "Probability of Performers" (title)
INFO    : *              located within: "Probability of Club Committee Selection" (title)
INFO    : *              located within: "Probability of Defective Transistors" (title)
INFO    : *              located within: "Probability of Marbles Without Replacement" (title)
INFO    : *              located within: "activity-02-intro-activity" (xml:id), "02. Activity Apportionment Methods" (title)
WARNING : * PTX:WARNING:    An <xref> wants to build text using a number to identify the target, but the target (which has @xml:id "notes-Voting") does not have a number. You could try 'text="title"' or 'text="custom"' on the "xref".
INFO    : *              located within: "activity-01-intro-activity" (xml:id), "01. Activity Voting Methods" (title)
WARNING : * PTX:WARNING:    An <xref> wants to build text using a number to identify the target, but the target (which has @xml:id "section-apportionment") does not have a number. You could try 'text="title"' or 'text="custom"' on the "xref".
WARNING : * PTX:WARNING:    An <xref> wants to build text using a number to identify the target, but the target (which has @xml:id "notes-simple-interest") does not have a number. You could try 'text="title"' or 'text="custom"' on the "xref".
INFO    : *              located within: "activity-03-intro-activity" (xml:id), "03. Activity Simple Interest" (title)
WARNING : * PTX:WARNING:    An <xref> wants to build text using a number to identify the target, but the target (which has @xml:id "notes-compound-interest") does not have a number. You could try 'text="title"' or 'text="custom"' on the "xref".
INFO    : *              located within: "activity-04-intro-activity" (xml:id), "04. Activity Compound Interest" (title)
WARNING : * PTX:WARNING:    An <xref> wants to build text using a number to identify the target, but the target (which has @xml:id "notes-Annuities") does not have a number. You could try 'text="title"' or 'text="custom"' on the "xref".
INFO    : *              located within: "activity-05-intro-activity" (xml:id), "05. Activity Annuities" (title)
WARNING : * PTX:WARNING:    An <xref> wants to build text using a number to identify the target, but the target (which has @xml:id "notes-Mortgages") does not have a number. You could try 'text="title"' or 'text="custom"' on the "xref".
INFO    : *              located within: "activity-06-intro-activity" (xml:id), "06. Activity Loans" (title)
INFO    : *              located within: "activity-07-intro-activity" (xml:id), "07. Activity Mortgages" (title)
INFO    : successful application of /home/codespace/.ptx/2.38.3/core/xsl/pretext-html.xsl
INFO    : Removing temporary directory /tmp/ptx-txpb5n4q
INFO    : Removing temporary directory /tmp/ptx-efd7rmu_
INFO    : 
Finished build for target course. Run `pretext view course` to see the results.

CRITICAL: There were errors during the build.  See above.
INFO    : ------------------------
CRITICAL: Failed to build without errors.  Exiting...
INFO    : 
----------------------------------------------------
INFO    : While running pretext, the following errors occurred:

INFO    : (see log messages above or in the 'logs' folder for more information)
INFO    : ----------------------------------------------------
